<?xml version="1.0" encoding="UTF-8"?>
<!-- Generated by org.testng.reporters.JUnitXMLReporter -->
<testsuite ignored="3" hostname="P3BLAP-138M1D6" failures="0" tests="1" name="Default test" time="18.311" errors="0" timestamp="2024-10-10T08:47:41 IST">
  <testcase classname="api.test.UserTests2" name="testPostUser" time="16.88"/>
  <testcase classname="api.test.UserTests2" name="testUpdateUserByName" time="0.0">
    <ignored/>
  </testcase> <!-- testUpdateUserByName -->
  <testcase classname="api.test.UserTests2" name="testGetUserByName" time="0.0">
    <ignored/>
  </testcase> <!-- testGetUserByName -->
  <testcase classname="api.test.UserTests2" name="testDeleteUserByName" time="0.0">
    <ignored/>
  </testcase> <!-- testDeleteUserByName -->
</testsuite> <!-- Default test -->
