<?xml version="1.0" encoding="UTF-8"?>
<!-- Generated by org.testng.reporters.JUnitXMLReporter -->
<testsuite ignored="0" hostname="P3BLAP-138M1D6" failures="0" tests="9" name="Default test" time="24.547" errors="0" timestamp="2024-10-07T12:10:30 IST">
  <testcase classname="api.test.DDTest" name="testPostUsers" time="14.135"/>
  <testcase classname="api.test.DDTest" name="testPostUsers" time="1.174"/>
  <testcase classname="api.test.DDTest" name="testPostUsers" time="1.116"/>
  <testcase classname="api.test.DDTest" name="testGetUserByName" time="1.434"/>
  <testcase classname="api.test.DDTest" name="testGetUserByName" time="1.097"/>
  <testcase classname="api.test.DDTest" name="testGetUserByName" time="1.053"/>
  <testcase classname="api.test.DDTest" name="testDeleteUserByName" time="1.037"/>
  <testcase classname="api.test.DDTest" name="testDeleteUserByName" time="1.056"/>
  <testcase classname="api.test.DDTest" name="testDeleteUserByName" time="1.02"/>
</testsuite> <!-- Default test -->
