<?xml version="1.0" encoding="UTF-8"?>
<testng-results ignored="0" total="4" passed="4" failed="0" skipped="0">
  <reporter-output>
  </reporter-output>
  <suite started-at="2024-10-09T08:40:50 IST" name="PetSuite" finished-at="2024-10-09T08:41:13 IST" duration-ms="22956">
    <groups>
    </groups>
    <test started-at="2024-10-09T08:40:50 IST" name="PetTest" finished-at="2024-10-09T08:41:13 IST" duration-ms="22956">
      <class name="api.test.UserTests2">
        <test-method is-config="true" signature="setUpData()[pri:0, instance:api.test.UserTests2@37d4349f]" started-at="2024-10-09T08:40:51 IST" name="setUpData" finished-at="2024-10-09T08:40:52 IST" duration-ms="1233" status="PASS">
          <reporter-output>
          </reporter-output>
        </test-method> <!-- setUpData -->
        <test-method signature="testPostUser()[pri:1, instance:api.test.UserTests2@37d4349f]" started-at="2024-10-09T08:40:52 IST" name="testPostUser" finished-at="2024-10-09T08:41:08 IST" duration-ms="16081" status="PASS">
          <reporter-output>
          </reporter-output>
        </test-method> <!-- testPostUser -->
        <test-method signature="testGetUserByName()[pri:2, instance:api.test.UserTests2@37d4349f]" started-at="2024-10-09T08:41:08 IST" name="testGetUserByName" finished-at="2024-10-09T08:41:09 IST" duration-ms="1167" status="PASS">
          <reporter-output>
          </reporter-output>
        </test-method> <!-- testGetUserByName -->
        <test-method signature="testUpdateUserByName()[pri:3, instance:api.test.UserTests2@37d4349f]" started-at="2024-10-09T08:41:09 IST" name="testUpdateUserByName" finished-at="2024-10-09T08:41:12 IST" duration-ms="2545" status="PASS">
          <reporter-output>
          </reporter-output>
        </test-method> <!-- testUpdateUserByName -->
        <test-method signature="testDeleteUserByName()[pri:4, instance:api.test.UserTests2@37d4349f]" started-at="2024-10-09T08:41:12 IST" name="testDeleteUserByName" finished-at="2024-10-09T08:41:13 IST" duration-ms="1235" status="PASS">
          <reporter-output>
          </reporter-output>
        </test-method> <!-- testDeleteUserByName -->
      </class> <!-- api.test.UserTests2 -->
    </test> <!-- PetTest -->
  </suite> <!-- PetSuite -->
</testng-results>
