<?xml version="1.0" encoding="UTF-8"?>
<testng-results ignored="0" total="4" passed="4" failed="0" skipped="0">
  <reporter-output>
  </reporter-output>
  <suite started-at="2024-10-10T08:49:28 IST" name="PetSuite" finished-at="2024-10-10T08:49:51 IST" duration-ms="23367">
    <groups>
    </groups>
    <test started-at="2024-10-10T08:49:28 IST" name="PetTest" finished-at="2024-10-10T08:49:51 IST" duration-ms="23367">
      <class name="api.test.UserTests">
        <test-method is-config="true" signature="setUpData()[pri:0, instance:api.test.UserTests@6c1a5b54]" started-at="2024-10-10T08:49:28 IST" name="setUpData" finished-at="2024-10-10T08:49:30 IST" duration-ms="1521" status="PASS">
          <reporter-output>
          </reporter-output>
        </test-method> <!-- setUpData -->
        <test-method signature="testPostUser()[pri:1, instance:api.test.UserTests@6c1a5b54]" started-at="2024-10-10T08:49:30 IST" name="testPostUser" finished-at="2024-10-10T08:49:46 IST" duration-ms="15918" status="PASS">
          <reporter-output>
          </reporter-output>
        </test-method> <!-- testPostUser -->
        <test-method signature="testGetUserByName()[pri:2, instance:api.test.UserTests@6c1a5b54]" started-at="2024-10-10T08:49:46 IST" name="testGetUserByName" finished-at="2024-10-10T08:49:47 IST" duration-ms="1352" status="PASS">
          <reporter-output>
          </reporter-output>
        </test-method> <!-- testGetUserByName -->
        <test-method signature="testUpdateUserByName()[pri:3, instance:api.test.UserTests@6c1a5b54]" started-at="2024-10-10T08:49:47 IST" name="testUpdateUserByName" finished-at="2024-10-10T08:49:50 IST" duration-ms="2635" status="PASS">
          <reporter-output>
          </reporter-output>
        </test-method> <!-- testUpdateUserByName -->
        <test-method signature="testDeleteUserByName()[pri:4, instance:api.test.UserTests@6c1a5b54]" started-at="2024-10-10T08:49:50 IST" name="testDeleteUserByName" finished-at="2024-10-10T08:49:51 IST" duration-ms="1328" status="PASS">
          <reporter-output>
          </reporter-output>
        </test-method> <!-- testDeleteUserByName -->
      </class> <!-- api.test.UserTests -->
    </test> <!-- PetTest -->
  </suite> <!-- PetSuite -->
</testng-results>
