<?xml version="1.0" encoding="UTF-8"?>
<testng-results ignored="0" total="8" passed="8" failed="0" skipped="0">
  <reporter-output>
  </reporter-output>
  <suite started-at="2024-10-11T09:01:06 IST" name="PetSuite" finished-at="2024-10-11T09:01:43 IST" duration-ms="36989">
    <groups>
    </groups>
    <test started-at="2024-10-11T09:01:06 IST" name="PetTest" finished-at="2024-10-11T09:01:43 IST" duration-ms="36989">
      <class name="api.test.UserTests2">
        <test-method is-config="true" signature="setUpData()[pri:0, instance:api.test.UserTests2@63376bed]" started-at="2024-10-11T09:01:36 IST" name="setUpData" finished-at="2024-10-11T09:01:36 IST" duration-ms="106" status="PASS">
          <reporter-output>
          </reporter-output>
        </test-method> <!-- setUpData -->
        <test-method signature="testPostUser()[pri:1, instance:api.test.UserTests2@63376bed]" started-at="2024-10-11T09:01:36 IST" name="testPostUser" finished-at="2024-10-11T09:01:37 IST" duration-ms="1151" status="PASS">
          <reporter-output>
          </reporter-output>
        </test-method> <!-- testPostUser -->
        <test-method signature="testGetUserByName()[pri:2, instance:api.test.UserTests2@63376bed]" started-at="2024-10-11T09:01:37 IST" name="testGetUserByName" finished-at="2024-10-11T09:01:38 IST" duration-ms="1170" status="PASS">
          <reporter-output>
          </reporter-output>
        </test-method> <!-- testGetUserByName -->
        <test-method signature="testUpdateUserByName()[pri:3, instance:api.test.UserTests2@63376bed]" started-at="2024-10-11T09:01:38 IST" name="testUpdateUserByName" finished-at="2024-10-11T09:01:42 IST" duration-ms="3731" status="PASS">
          <reporter-output>
          </reporter-output>
        </test-method> <!-- testUpdateUserByName -->
        <test-method signature="testDeleteUserByName()[pri:4, instance:api.test.UserTests2@63376bed]" started-at="2024-10-11T09:01:42 IST" name="testDeleteUserByName" finished-at="2024-10-11T09:01:43 IST" duration-ms="1304" status="PASS">
          <reporter-output>
          </reporter-output>
        </test-method> <!-- testDeleteUserByName -->
      </class> <!-- api.test.UserTests2 -->
      <class name="api.test.UserTests">
        <test-method is-config="true" signature="setUpData()[pri:0, instance:api.test.UserTests@20140db9]" started-at="2024-10-11T09:01:08 IST" name="setUpData" finished-at="2024-10-11T09:01:11 IST" duration-ms="3039" status="PASS">
          <reporter-output>
          </reporter-output>
        </test-method> <!-- setUpData -->
        <test-method signature="testPostUser()[pri:1, instance:api.test.UserTests@20140db9]" started-at="2024-10-11T09:01:11 IST" name="testPostUser" finished-at="2024-10-11T09:01:31 IST" duration-ms="19416" status="PASS">
          <reporter-output>
          </reporter-output>
        </test-method> <!-- testPostUser -->
        <test-method signature="testGetUserByName()[pri:2, instance:api.test.UserTests@20140db9]" started-at="2024-10-11T09:01:31 IST" name="testGetUserByName" finished-at="2024-10-11T09:01:32 IST" duration-ms="1200" status="PASS">
          <reporter-output>
          </reporter-output>
        </test-method> <!-- testGetUserByName -->
        <test-method signature="testUpdateUserByName()[pri:3, instance:api.test.UserTests@20140db9]" started-at="2024-10-11T09:01:32 IST" name="testUpdateUserByName" finished-at="2024-10-11T09:01:35 IST" duration-ms="2446" status="PASS">
          <reporter-output>
          </reporter-output>
        </test-method> <!-- testUpdateUserByName -->
        <test-method signature="testDeleteUserByName()[pri:4, instance:api.test.UserTests@20140db9]" started-at="2024-10-11T09:01:35 IST" name="testDeleteUserByName" finished-at="2024-10-11T09:01:36 IST" duration-ms="1203" status="PASS">
          <reporter-output>
          </reporter-output>
        </test-method> <!-- testDeleteUserByName -->
      </class> <!-- api.test.UserTests -->
    </test> <!-- PetTest -->
  </suite> <!-- PetSuite -->
</testng-results>
