<?xml version="1.0" encoding="UTF-8"?>
<!-- Generated by org.testng.reporters.JUnitXMLReporter -->
<testsuite ignored="0" hostname="P3BLAP-138M1D6" failures="0" tests="4" name="PetTest" time="24.958" errors="0" timestamp="2024-10-09T08:12:44 IST">
  <testcase classname="api.test.UserTests2" name="testPostUser" time="17.507"/>
  <testcase classname="api.test.UserTests2" name="testGetUserByName" time="1.351"/>
  <testcase classname="api.test.UserTests2" name="testUpdateUserByName" time="2.273"/>
  <testcase classname="api.test.UserTests2" name="testDeleteUserByName" time="1.093"/>
</testsuite> <!-- PetTest -->
