<?xml version="1.0" encoding="UTF-8"?>
<!-- Generated by org.testng.reporters.JUnitXMLReporter -->
<testsuite ignored="0" hostname="P3BLAP-138M1D6" failures="0" tests="8" name="PetTest" time="36.989" errors="0" timestamp="2024-10-11T09:01:44 IST">
  <testcase classname="api.test.UserTests" name="testPostUser" time="19.416"/>
  <testcase classname="api.test.UserTests" name="testGetUserByName" time="1.2"/>
  <testcase classname="api.test.UserTests" name="testUpdateUserByName" time="2.446"/>
  <testcase classname="api.test.UserTests" name="testDeleteUserByName" time="1.203"/>
  <testcase classname="api.test.UserTests2" name="testPostUser" time="1.151"/>
  <testcase classname="api.test.UserTests2" name="testGetUserByName" time="1.17"/>
  <testcase classname="api.test.UserTests2" name="testUpdateUserByName" time="3.731"/>
  <testcase classname="api.test.UserTests2" name="testDeleteUserByName" time="1.304"/>
</testsuite> <!-- PetTest -->
